<?xml version="1.0" encoding="UTF-8"?>
<!-- Generated by org.testng.reporters.JUnitXMLReporter -->
<testsuite ignored="0" hostname="DESKTOP-R02UI3U" failures="0" tests="13" name="Automation testcases" time="57.163" errors="0" timestamp="2023-05-24T16:33:47 IST">
  <testcase classname="com.tutorials.qa.testcases.RegisterAccount" name="verifyRegistrationByWithoutProvidingAllDetails" time="0.679"/>
  <testcase classname="com.tutorials.qa.testcases.RegisterAccount" name="verifyRegistrationByProvidingMandatoryFields" time="1.545"/>
  <testcase classname="com.tutorials.qa.testcases.RegisterAccount" name="verifyRegistrationByProvidingAllFields" time="1.6"/>
  <testcase classname="com.tutorials.qa.testcases.RegisterAccount" name="verifyRegistrationByProvidingExistingEmailAccount" time="1.424"/>
  <testcase classname="com.tutorials.qa.testcases.Login" name="verifyloginButtonWithValidCredentials" time="0.735"/>
  <testcase classname="com.tutorials.qa.testcases.Login" name="verifyloginButtonWithValidCredentials" time="0.745"/>
  <testcase classname="com.tutorials.qa.testcases.Login" name="verifyloginButtonWithValidCredentials" time="0.79"/>
  <testcase classname="com.tutorials.qa.testcases.Login" name="VerifyLoginButtonFunctionalityWithInvalidEmailAndPassword" time="0.781"/>
  <testcase classname="com.tutorials.qa.testcases.Login" name="verifyLoginButtonFunctionalityWithvalidEmailAndInvalidPassword" time="0.747"/>
  <testcase classname="com.tutorials.qa.testcases.Login" name="verifyloginButtonWithEmptyCredentials" time="0.672"/>
  <testcase classname="com.tutorials.qa.testcases.SearchProduct" name="verifySearchWithValidProduct" time="0.494"/>
  <testcase classname="com.tutorials.qa.testcases.SearchProduct" name="verifySearchWithInValidProduct" time="0.474"/>
  <testcase classname="com.tutorials.qa.testcases.SearchProduct" name="verifySearchWithoutEnteringAnyProduct" time="0.364"/>
</testsuite> <!-- Automation testcases -->
