<?xml version="1.0" encoding="UTF-8"?>
<testng-results ignored="1" total="6" passed="5" failed="0" skipped="0">
  <reporter-output>
  </reporter-output>
  <suite started-at="2023-06-25T16:06:47 IST" name="Suite" finished-at="2023-06-25T16:06:47 IST" duration-ms="89">
    <groups>
      <group name="regression">
        <method signature="Test1.test3()[pri:0, instance:TestNG.Test1@3cebbb30]" name="test3" class="TestNG.Test1"/>
      </group> <!-- regression -->
      <group name="smoke">
        <method signature="Test1.test1()[pri:0, instance:TestNG.Test1@3cebbb30]" name="test1" class="TestNG.Test1"/>
        <method signature="Test2.test5()[pri:0, instance:TestNG.Test2@5a56cdac]" name="test5" class="TestNG.Test2"/>
      </group> <!-- smoke -->
      <group name="sanity">
        <method signature="Test1.test1()[pri:0, instance:TestNG.Test1@3cebbb30]" name="test1" class="TestNG.Test1"/>
        <method signature="Test1.test2()[pri:0, instance:TestNG.Test1@3cebbb30]" name="test2" class="TestNG.Test1"/>
        <method signature="Test1.test3()[pri:0, instance:TestNG.Test1@3cebbb30]" name="test3" class="TestNG.Test1"/>
        <method signature="Test2.test4()[pri:0, instance:TestNG.Test2@5a56cdac]" name="test4" class="TestNG.Test2"/>
      </group> <!-- sanity -->
    </groups>
    <test started-at="2023-06-25T16:06:47 IST" name="Test" finished-at="2023-06-25T16:06:47 IST" duration-ms="89">
      <class name="TestNG.Test2">
        <test-method signature="test4()[pri:0, instance:TestNG.Test2@5a56cdac]" started-at="2023-06-25T16:06:47 IST" name="test4" finished-at="2023-06-25T16:06:47 IST" duration-ms="13" status="PASS">
          <reporter-output>
          </reporter-output>
        </test-method> <!-- test4 -->
        <test-method signature="test5()[pri:0, instance:TestNG.Test2@5a56cdac]" started-at="2023-06-25T16:06:47 IST" name="test5" finished-at="2023-06-25T16:06:47 IST" duration-ms="2" status="PASS">
          <reporter-output>
          </reporter-output>
        </test-method> <!-- test5 -->
      </class> <!-- TestNG.Test2 -->
      <class name="TestNG.Test1">
        <test-method signature="test1()[pri:0, instance:TestNG.Test1@3cebbb30]" started-at="2023-06-25T16:06:47 IST" name="test1" finished-at="2023-06-25T16:06:47 IST" duration-ms="1" status="PASS">
          <reporter-output>
          </reporter-output>
        </test-method> <!-- test1 -->
        <test-method signature="test2()[pri:0, instance:TestNG.Test1@3cebbb30]" started-at="2023-06-25T16:06:47 IST" name="test2" finished-at="2023-06-25T16:06:47 IST" duration-ms="2" status="PASS">
          <reporter-output>
          </reporter-output>
        </test-method> <!-- test2 -->
        <test-method signature="test3()[pri:0, instance:TestNG.Test1@3cebbb30]" started-at="2023-06-25T16:06:47 IST" name="test3" finished-at="2023-06-25T16:06:47 IST" duration-ms="1" status="PASS">
          <reporter-output>
          </reporter-output>
        </test-method> <!-- test3 -->
      </class> <!-- TestNG.Test1 -->
    </test> <!-- Test -->
  </suite> <!-- Suite -->
</testng-results>
