<?xml version="1.0" encoding="UTF-8"?>
<!-- Generated by org.testng.reporters.JUnitXMLReporter -->
<testsuite ignored="3" hostname="DESKTOP-R02UI3U" failures="0" tests="0" time="0.019" errors="0" timestamp="2023-06-25T12:25:53 IST">
  <testcase classname="TestNG.Test1" name="test2" time="0.0">
    <ignored/>
  </testcase> <!-- test2 -->
  <testcase classname="TestNG.Test1" name="test3" time="0.0">
    <ignored/>
  </testcase> <!-- test3 -->
  <testcase classname="TestNG.Test1" name="test1" time="0.0">
    <ignored/>
  </testcase> <!-- test1 -->
</testsuite>
