<?xml version="1.0" encoding="UTF-8"?>
<testng-results ignored="0" total="13" passed="13" failed="0" skipped="0">
  <reporter-output>
  </reporter-output>
  <suite started-at="2023-05-24T17:42:08 IST" name="Suite" finished-at="2023-05-24T17:43:04 IST" duration-ms="56473">
    <groups>
    </groups>
    <test started-at="2023-05-24T17:42:08 IST" name="Test" finished-at="2023-05-24T17:43:04 IST" duration-ms="56473">
      <class name="com.tutorials.qa.testcases.RegisterAccount">
        <test-method is-config="true" signature="SetUp()[pri:0, instance:com.tutorials.qa.testcases.RegisterAccount@1c7696c6]" started-at="2023-05-24T17:42:26 IST" name="SetUp" finished-at="2023-05-24T17:42:29 IST" duration-ms="2730" status="PASS">
          <reporter-output>
          </reporter-output>
        </test-method> <!-- SetUp -->
        <test-method signature="verifyRegistrationByWithoutProvidingAllDetails()[pri:0, instance:com.tutorials.qa.testcases.RegisterAccount@1c7696c6]" started-at="2023-05-24T17:42:29 IST" name="verifyRegistrationByWithoutProvidingAllDetails" finished-at="2023-05-24T17:42:30 IST" duration-ms="593" status="PASS">
          <reporter-output>
          </reporter-output>
        </test-method> <!-- verifyRegistrationByWithoutProvidingAllDetails -->
        <test-method is-config="true" signature="tearDown()[pri:0, instance:com.tutorials.qa.testcases.RegisterAccount@1c7696c6]" started-at="2023-05-24T17:42:30 IST" name="tearDown" finished-at="2023-05-24T17:42:30 IST" duration-ms="676" status="PASS">
          <reporter-output>
          </reporter-output>
        </test-method> <!-- tearDown -->
        <test-method is-config="true" signature="SetUp()[pri:0, instance:com.tutorials.qa.testcases.RegisterAccount@1c7696c6]" started-at="2023-05-24T17:42:30 IST" name="SetUp" finished-at="2023-05-24T17:42:33 IST" duration-ms="2344" status="PASS">
          <reporter-output>
          </reporter-output>
        </test-method> <!-- SetUp -->
        <test-method signature="verifyRegistrationByProvidingMandatoryFields()[pri:1, instance:com.tutorials.qa.testcases.RegisterAccount@1c7696c6]" started-at="2023-05-24T17:42:33 IST" name="verifyRegistrationByProvidingMandatoryFields" finished-at="2023-05-24T17:42:34 IST" duration-ms="1317" status="PASS">
          <reporter-output>
          </reporter-output>
        </test-method> <!-- verifyRegistrationByProvidingMandatoryFields -->
        <test-method is-config="true" signature="tearDown()[pri:0, instance:com.tutorials.qa.testcases.RegisterAccount@1c7696c6]" started-at="2023-05-24T17:42:34 IST" name="tearDown" finished-at="2023-05-24T17:42:35 IST" duration-ms="635" status="PASS">
          <reporter-output>
          </reporter-output>
        </test-method> <!-- tearDown -->
        <test-method is-config="true" signature="SetUp()[pri:0, instance:com.tutorials.qa.testcases.RegisterAccount@1c7696c6]" started-at="2023-05-24T17:42:35 IST" name="SetUp" finished-at="2023-05-24T17:42:37 IST" duration-ms="2432" status="PASS">
          <reporter-output>
          </reporter-output>
        </test-method> <!-- SetUp -->
        <test-method signature="verifyRegistrationByProvidingAllFields()[pri:2, instance:com.tutorials.qa.testcases.RegisterAccount@1c7696c6]" started-at="2023-05-24T17:42:37 IST" name="verifyRegistrationByProvidingAllFields" finished-at="2023-05-24T17:42:38 IST" duration-ms="1319" status="PASS">
          <reporter-output>
          </reporter-output>
        </test-method> <!-- verifyRegistrationByProvidingAllFields -->
        <test-method is-config="true" signature="tearDown()[pri:0, instance:com.tutorials.qa.testcases.RegisterAccount@1c7696c6]" started-at="2023-05-24T17:42:38 IST" name="tearDown" finished-at="2023-05-24T17:42:39 IST" duration-ms="637" status="PASS">
          <reporter-output>
          </reporter-output>
        </test-method> <!-- tearDown -->
        <test-method is-config="true" signature="SetUp()[pri:0, instance:com.tutorials.qa.testcases.RegisterAccount@1c7696c6]" started-at="2023-05-24T17:42:39 IST" name="SetUp" finished-at="2023-05-24T17:42:41 IST" duration-ms="2408" status="PASS">
          <reporter-output>
          </reporter-output>
        </test-method> <!-- SetUp -->
        <test-method signature="verifyRegistrationByProvidingExistingEmailAccount()[pri:3, instance:com.tutorials.qa.testcases.RegisterAccount@1c7696c6]" started-at="2023-05-24T17:42:41 IST" name="verifyRegistrationByProvidingExistingEmailAccount" finished-at="2023-05-24T17:42:43 IST" duration-ms="1153" status="PASS">
          <reporter-output>
          </reporter-output>
        </test-method> <!-- verifyRegistrationByProvidingExistingEmailAccount -->
        <test-method is-config="true" signature="tearDown()[pri:0, instance:com.tutorials.qa.testcases.RegisterAccount@1c7696c6]" started-at="2023-05-24T17:42:43 IST" name="tearDown" finished-at="2023-05-24T17:42:43 IST" duration-ms="624" status="PASS">
          <reporter-output>
          </reporter-output>
        </test-method> <!-- tearDown -->
      </class> <!-- com.tutorials.qa.testcases.RegisterAccount -->
      <class name="com.tutorials.qa.testcases.SearchProduct">
        <test-method is-config="true" signature="setUp()[pri:0, instance:com.tutorials.qa.testcases.SearchProduct@1151e434]" started-at="2023-05-24T17:42:08 IST" name="setUp" finished-at="2023-05-24T17:42:15 IST" duration-ms="7385" status="PASS">
          <reporter-output>
          </reporter-output>
        </test-method> <!-- setUp -->
        <test-method signature="verifySearchWithValidProduct()[pri:1, instance:com.tutorials.qa.testcases.SearchProduct@1151e434]" started-at="2023-05-24T17:42:15 IST" name="verifySearchWithValidProduct" finished-at="2023-05-24T17:42:16 IST" duration-ms="747" status="PASS">
          <reporter-output>
          </reporter-output>
        </test-method> <!-- verifySearchWithValidProduct -->
        <test-method is-config="true" signature="tearDown()[pri:0, instance:com.tutorials.qa.testcases.SearchProduct@1151e434]" started-at="2023-05-24T17:42:16 IST" name="tearDown" finished-at="2023-05-24T17:42:17 IST" duration-ms="781" status="PASS">
          <reporter-output>
          </reporter-output>
        </test-method> <!-- tearDown -->
        <test-method is-config="true" signature="setUp()[pri:0, instance:com.tutorials.qa.testcases.SearchProduct@1151e434]" started-at="2023-05-24T17:42:17 IST" name="setUp" finished-at="2023-05-24T17:42:21 IST" duration-ms="3789" status="PASS">
          <reporter-output>
          </reporter-output>
        </test-method> <!-- setUp -->
        <test-method signature="verifySearchWithInValidProduct()[pri:2, instance:com.tutorials.qa.testcases.SearchProduct@1151e434]" started-at="2023-05-24T17:42:21 IST" name="verifySearchWithInValidProduct" finished-at="2023-05-24T17:42:21 IST" duration-ms="457" status="PASS">
          <reporter-output>
          </reporter-output>
        </test-method> <!-- verifySearchWithInValidProduct -->
        <test-method is-config="true" signature="tearDown()[pri:0, instance:com.tutorials.qa.testcases.SearchProduct@1151e434]" started-at="2023-05-24T17:42:21 IST" name="tearDown" finished-at="2023-05-24T17:42:22 IST" duration-ms="694" status="PASS">
          <reporter-output>
          </reporter-output>
        </test-method> <!-- tearDown -->
        <test-method is-config="true" signature="setUp()[pri:0, instance:com.tutorials.qa.testcases.SearchProduct@1151e434]" started-at="2023-05-24T17:42:22 IST" name="setUp" finished-at="2023-05-24T17:42:25 IST" duration-ms="3571" status="PASS">
          <reporter-output>
          </reporter-output>
        </test-method> <!-- setUp -->
        <test-method signature="verifySearchWithoutEnteringAnyProduct()[pri:3, instance:com.tutorials.qa.testcases.SearchProduct@1151e434]" started-at="2023-05-24T17:42:25 IST" name="verifySearchWithoutEnteringAnyProduct" finished-at="2023-05-24T17:42:26 IST" duration-ms="362" status="PASS">
          <reporter-output>
          </reporter-output>
        </test-method> <!-- verifySearchWithoutEnteringAnyProduct -->
        <test-method is-config="true" signature="tearDown()[pri:0, instance:com.tutorials.qa.testcases.SearchProduct@1151e434]" started-at="2023-05-24T17:42:26 IST" name="tearDown" finished-at="2023-05-24T17:42:26 IST" duration-ms="781" status="PASS">
          <reporter-output>
          </reporter-output>
        </test-method> <!-- tearDown -->
      </class> <!-- com.tutorials.qa.testcases.SearchProduct -->
      <class name="com.tutorials.qa.testcases.Login">
        <test-method is-config="true" signature="SetUp()[pri:0, instance:com.tutorials.qa.testcases.Login@1e6a3214]" started-at="2023-05-24T17:42:43 IST" name="SetUp" finished-at="2023-05-24T17:42:46 IST" duration-ms="2238" status="PASS">
          <reporter-output>
          </reporter-output>
        </test-method> <!-- SetUp -->
        <test-method signature="verifyloginButtonWithValidCredentials(java.lang.String,java.lang.String)[pri:1, instance:com.tutorials.qa.testcases.Login@1e6a3214]" started-at="2023-05-24T17:42:46 IST" name="verifyloginButtonWithValidCredentials" data-provider="senddata" finished-at="2023-05-24T17:42:46 IST" duration-ms="631" status="PASS">
          <params>
            <param index="0">
              <value>
                <![CDATA[sreevasu709@gmail.com]]>
              </value>
            </param>
            <param index="1">
              <value>
                <![CDATA[Vasu1234@]]>
              </value>
            </param>
          </params>
          <reporter-output>
          </reporter-output>
        </test-method> <!-- verifyloginButtonWithValidCredentials -->
        <test-method is-config="true" signature="teardown()[pri:0, instance:com.tutorials.qa.testcases.Login@1e6a3214]" started-at="2023-05-24T17:42:46 IST" name="teardown" finished-at="2023-05-24T17:42:47 IST" duration-ms="644" status="PASS">
          <reporter-output>
          </reporter-output>
        </test-method> <!-- teardown -->
        <test-method is-config="true" signature="SetUp()[pri:0, instance:com.tutorials.qa.testcases.Login@1e6a3214]" started-at="2023-05-24T17:42:47 IST" name="SetUp" finished-at="2023-05-24T17:42:49 IST" duration-ms="2197" status="PASS">
          <reporter-output>
          </reporter-output>
        </test-method> <!-- SetUp -->
        <test-method signature="verifyloginButtonWithValidCredentials(java.lang.String,java.lang.String)[pri:1, instance:com.tutorials.qa.testcases.Login@1e6a3214]" started-at="2023-05-24T17:42:49 IST" name="verifyloginButtonWithValidCredentials" data-provider="senddata" finished-at="2023-05-24T17:42:50 IST" duration-ms="636" status="PASS">
          <params>
            <param index="0">
              <value>
                <![CDATA[sreevasu709@gmail.com]]>
              </value>
            </param>
            <param index="1">
              <value>
                <![CDATA[Vasu1234@]]>
              </value>
            </param>
          </params>
          <reporter-output>
          </reporter-output>
        </test-method> <!-- verifyloginButtonWithValidCredentials -->
        <test-method is-config="true" signature="teardown()[pri:0, instance:com.tutorials.qa.testcases.Login@1e6a3214]" started-at="2023-05-24T17:42:50 IST" name="teardown" finished-at="2023-05-24T17:42:50 IST" duration-ms="654" status="PASS">
          <reporter-output>
          </reporter-output>
        </test-method> <!-- teardown -->
        <test-method is-config="true" signature="SetUp()[pri:0, instance:com.tutorials.qa.testcases.Login@1e6a3214]" started-at="2023-05-24T17:42:50 IST" name="SetUp" finished-at="2023-05-24T17:42:52 IST" duration-ms="2188" status="PASS">
          <reporter-output>
          </reporter-output>
        </test-method> <!-- SetUp -->
        <test-method signature="verifyloginButtonWithValidCredentials(java.lang.String,java.lang.String)[pri:1, instance:com.tutorials.qa.testcases.Login@1e6a3214]" started-at="2023-05-24T17:42:52 IST" name="verifyloginButtonWithValidCredentials" data-provider="senddata" finished-at="2023-05-24T17:42:53 IST" duration-ms="608" status="PASS">
          <params>
            <param index="0">
              <value>
                <![CDATA[sreevasu709@gmail.com]]>
              </value>
            </param>
            <param index="1">
              <value>
                <![CDATA[Vasu1234@]]>
              </value>
            </param>
          </params>
          <reporter-output>
          </reporter-output>
        </test-method> <!-- verifyloginButtonWithValidCredentials -->
        <test-method is-config="true" signature="teardown()[pri:0, instance:com.tutorials.qa.testcases.Login@1e6a3214]" started-at="2023-05-24T17:42:53 IST" name="teardown" finished-at="2023-05-24T17:42:54 IST" duration-ms="629" status="PASS">
          <reporter-output>
          </reporter-output>
        </test-method> <!-- teardown -->
        <test-method is-config="true" signature="SetUp()[pri:0, instance:com.tutorials.qa.testcases.Login@1e6a3214]" started-at="2023-05-24T17:42:54 IST" name="SetUp" finished-at="2023-05-24T17:42:56 IST" duration-ms="2164" status="PASS">
          <reporter-output>
          </reporter-output>
        </test-method> <!-- SetUp -->
        <test-method signature="VerifyLoginButtonFunctionalityWithInvalidEmailAndPassword()[pri:2, instance:com.tutorials.qa.testcases.Login@1e6a3214]" started-at="2023-05-24T17:42:56 IST" name="VerifyLoginButtonFunctionalityWithInvalidEmailAndPassword" finished-at="2023-05-24T17:42:57 IST" duration-ms="685" status="PASS">
          <reporter-output>
          </reporter-output>
        </test-method> <!-- VerifyLoginButtonFunctionalityWithInvalidEmailAndPassword -->
        <test-method is-config="true" signature="teardown()[pri:0, instance:com.tutorials.qa.testcases.Login@1e6a3214]" started-at="2023-05-24T17:42:57 IST" name="teardown" finished-at="2023-05-24T17:42:57 IST" duration-ms="635" status="PASS">
          <reporter-output>
          </reporter-output>
        </test-method> <!-- teardown -->
        <test-method is-config="true" signature="SetUp()[pri:0, instance:com.tutorials.qa.testcases.Login@1e6a3214]" started-at="2023-05-24T17:42:57 IST" name="SetUp" finished-at="2023-05-24T17:43:00 IST" duration-ms="2323" status="PASS">
          <reporter-output>
          </reporter-output>
        </test-method> <!-- SetUp -->
        <test-method signature="verifyLoginButtonFunctionalityWithvalidEmailAndInvalidPassword()[pri:3, instance:com.tutorials.qa.testcases.Login@1e6a3214]" started-at="2023-05-24T17:43:00 IST" name="verifyLoginButtonFunctionalityWithvalidEmailAndInvalidPassword" finished-at="2023-05-24T17:43:00 IST" duration-ms="640" status="PASS">
          <reporter-output>
          </reporter-output>
        </test-method> <!-- verifyLoginButtonFunctionalityWithvalidEmailAndInvalidPassword -->
        <test-method is-config="true" signature="teardown()[pri:0, instance:com.tutorials.qa.testcases.Login@1e6a3214]" started-at="2023-05-24T17:43:00 IST" name="teardown" finished-at="2023-05-24T17:43:01 IST" duration-ms="632" status="PASS">
          <reporter-output>
          </reporter-output>
        </test-method> <!-- teardown -->
        <test-method is-config="true" signature="SetUp()[pri:0, instance:com.tutorials.qa.testcases.Login@1e6a3214]" started-at="2023-05-24T17:43:01 IST" name="SetUp" finished-at="2023-05-24T17:43:03 IST" duration-ms="2198" status="PASS">
          <reporter-output>
          </reporter-output>
        </test-method> <!-- SetUp -->
        <test-method signature="verifyloginButtonWithEmptyCredentials()[pri:4, instance:com.tutorials.qa.testcases.Login@1e6a3214]" started-at="2023-05-24T17:43:03 IST" name="verifyloginButtonWithEmptyCredentials" finished-at="2023-05-24T17:43:04 IST" duration-ms="636" status="PASS">
          <reporter-output>
          </reporter-output>
        </test-method> <!-- verifyloginButtonWithEmptyCredentials -->
        <test-method is-config="true" signature="teardown()[pri:0, instance:com.tutorials.qa.testcases.Login@1e6a3214]" started-at="2023-05-24T17:43:04 IST" name="teardown" finished-at="2023-05-24T17:43:04 IST" duration-ms="625" status="PASS">
          <reporter-output>
          </reporter-output>
        </test-method> <!-- teardown -->
      </class> <!-- com.tutorials.qa.testcases.Login -->
    </test> <!-- Test -->
  </suite> <!-- Suite -->
</testng-results>
