<?xml version="1.0" encoding="UTF-8"?>
<!-- Generated by org.testng.reporters.JUnitXMLReporter -->
<testsuite ignored="0" hostname="DESKTOP-R02UI3U" failures="0" tests="4" name="Test" time="9.704" errors="0" timestamp="2023-05-26T18:33:22 IST">
  <testcase classname="com.opencart.qa.test.dashboardTest" name="verifyLoginBtnWithValidData" time="1.33"/>
  <testcase classname="com.opencart.qa.test.dashboardTest" name="VerifySeachBoxWithValidText" time="0.307"/>
  <testcase classname="com.opencart.qa.test.dashboardTest2" name="verifyLoginBtnWithValidData" time="1.296"/>
  <testcase classname="com.opencart.qa.test.dashboardTest2" name="VerifySeachBoxWithInValidText" time="0.23"/>
</testsuite> <!-- Test -->
