<?xml version="1.0" encoding="UTF-8"?>
<!-- Generated by org.testng.reporters.JUnitXMLReporter -->
<testsuite ignored="0" hostname="DESKTOP-R02UI3U" failures="1" tests="11" name="Test" time="52.37" errors="0" timestamp="2023-05-26T18:33:12 IST">
  <testcase classname="com.opencart.qa.test.loginpagetest" name="verifyLoginBtnWithInValidData" time="1.437"/>
  <testcase classname="com.opencart.qa.test.loginpagetest" name="verifyLoginBtnWithValidData" time="1.463"/>
  <testcase classname="com.opencart.qa.test.loginpagetest2" name="verifyLoginBtnWithValidDataAndInvalidData" time="1.401"/>
  <testcase classname="com.opencart.qa.test.loginpagetest2" name="verifyLoginBtnWithValidDataAndInvalidData" time="1.507"/>
  <testcase classname="com.opencart.qa.test.loginpagetest2" name="verifyLoginBtnWithValidDataAndInvalidData" time="1.183"/>
  <testcase classname="com.opencart.qa.test.loginpagetest2" name="verifyLoginBtnWithValidDataAndInvalidData" time="1.239"/>
  <testcase classname="com.opencart.qa.test.loginpagetest2" name="verifyLoginBtnWithValidDataAndInvalidData" time="0.094">
    <skipped/>
  </testcase> <!-- verifyLoginBtnWithValidDataAndInvalidData -->
  <testcase classname="com.opencart.qa.test.loginpagetest2" name="verifyLoginBtnWithValidDataAndInvalidData" time="0.098">
    <skipped/>
  </testcase> <!-- verifyLoginBtnWithValidDataAndInvalidData -->
  <testcase classname="com.opencart.qa.test.loginpagetest2" name="verifyLoginBtnWithValidDataAndInvalidData" time="0.106">
    <skipped/>
  </testcase> <!-- verifyLoginBtnWithValidDataAndInvalidData -->
  <testcase classname="com.opencart.qa.test.loginpagetest2" name="verifyLoginBtnWithValidDataAndInvalidData" time="0.081">
    <skipped/>
  </testcase> <!-- verifyLoginBtnWithValidDataAndInvalidData -->
  <testcase classname="com.opencart.qa.test.loginpagetest2" name="verifyLoginBtnWithValidDataAndInvalidData" time="0.077">
    <failure type="java.lang.IllegalArgumentException" message="Keys to send should be a not null CharSequence">
      <![CDATA[java.lang.IllegalArgumentException: Keys to send should be a not null CharSequence
at org.openqa.selenium.remote.RemoteWebElement.sendKeys(RemoteWebElement.java:98)
at com.opencart.qa.pages.loginpage.setEmail(loginpage.java:23)
at com.opencart.qa.pages.loginpage.openCartLogin(loginpage.java:42)
at com.opencart.qa.test.loginpagetest2.verifyLoginBtnWithValidDataAndInvalidData(loginpagetest2.java:41)
at java.base/java.util.ArrayList.forEach(ArrayList.java:1541)
... Removed 32 stack frames]]>
    </failure>
  </testcase> <!-- verifyLoginBtnWithValidDataAndInvalidData -->
</testsuite> <!-- Test -->
