<?xml version="1.0" encoding="UTF-8"?>
<!-- Generated by org.testng.reporters.JUnitXMLReporter -->
<testsuite ignored="0" hostname="DESKTOP-R02UI3U" failures="0" tests="6" name="Test" time="23.062" errors="0" timestamp="2023-05-22T21:18:09 IST">
  <testcase classname="com.nopcommerce.testscripts.Dashboardtest2" name="VerifyLoginBtnFunctunalityWithValidData" time="4.845"/>
  <testcase classname="com.nopcommerce.testscripts.Dashboardtest2" name="verifysearchboxwithInValidData" time="0.286"/>
  <testcase classname="com.nopcommerce.testscripts.dashboardtest" name="VerifyLoginBtnFunctunalityWithValidData" time="5.14"/>
  <testcase classname="com.nopcommerce.testscripts.dashboardtest" name="verifysearchboxwithValidData" time="0.345"/>
  <testcase classname="com.nopcommerce.testscripts.dashboardtest3" name="VerifyLoginBtnWithValidData" time="3.574"/>
  <testcase classname="com.nopcommerce.testscripts.dashboardtest3" name="verifysearchboxwithPartialData" time="0.346"/>
</testsuite> <!-- Test -->
