<?xml version="1.0" encoding="UTF-8"?>
<!-- Generated by org.testng.reporters.JUnitXMLReporter -->
<testsuite ignored="0" hostname="DESKTOP-R02UI3U" failures="0" tests="13" name="Test" time="56.473" errors="0" timestamp="2023-05-24T17:43:04 IST">
  <testcase classname="com.tutorials.qa.testcases.SearchProduct" name="verifySearchWithValidProduct" time="0.747"/>
  <testcase classname="com.tutorials.qa.testcases.SearchProduct" name="verifySearchWithInValidProduct" time="0.457"/>
  <testcase classname="com.tutorials.qa.testcases.SearchProduct" name="verifySearchWithoutEnteringAnyProduct" time="0.362"/>
  <testcase classname="com.tutorials.qa.testcases.RegisterAccount" name="verifyRegistrationByWithoutProvidingAllDetails" time="0.593"/>
  <testcase classname="com.tutorials.qa.testcases.RegisterAccount" name="verifyRegistrationByProvidingMandatoryFields" time="1.317"/>
  <testcase classname="com.tutorials.qa.testcases.RegisterAccount" name="verifyRegistrationByProvidingAllFields" time="1.319"/>
  <testcase classname="com.tutorials.qa.testcases.RegisterAccount" name="verifyRegistrationByProvidingExistingEmailAccount" time="1.153"/>
  <testcase classname="com.tutorials.qa.testcases.Login" name="verifyloginButtonWithValidCredentials" time="0.631"/>
  <testcase classname="com.tutorials.qa.testcases.Login" name="verifyloginButtonWithValidCredentials" time="0.636"/>
  <testcase classname="com.tutorials.qa.testcases.Login" name="verifyloginButtonWithValidCredentials" time="0.608"/>
  <testcase classname="com.tutorials.qa.testcases.Login" name="VerifyLoginButtonFunctionalityWithInvalidEmailAndPassword" time="0.685"/>
  <testcase classname="com.tutorials.qa.testcases.Login" name="verifyLoginButtonFunctionalityWithvalidEmailAndInvalidPassword" time="0.64"/>
  <testcase classname="com.tutorials.qa.testcases.Login" name="verifyloginButtonWithEmptyCredentials" time="0.636"/>
</testsuite> <!-- Test -->
