<?xml version="1.0" encoding="UTF-8"?>
<testng-results ignored="0" total="13" passed="13" failed="0" skipped="0">
  <reporter-output>
  </reporter-output>
  <suite started-at="2023-05-24T16:32:50 IST" name="Tutorialsninja test automation" finished-at="2023-05-24T16:33:47 IST" duration-ms="57163">
    <groups>
    </groups>
    <test started-at="2023-05-24T16:32:50 IST" name="Automation testcases" finished-at="2023-05-24T16:33:47 IST" duration-ms="57163">
      <class name="com.tutorials.qa.testcases.RegisterAccount">
        <test-method is-config="true" signature="SetUp()[pri:0, instance:com.tutorials.qa.testcases.RegisterAccount@5acf93bb]" started-at="2023-05-24T16:32:50 IST" name="SetUp" finished-at="2023-05-24T16:32:59 IST" duration-ms="8857" status="PASS">
          <reporter-output>
          </reporter-output>
        </test-method> <!-- SetUp -->
        <test-method signature="verifyRegistrationByWithoutProvidingAllDetails()[pri:0, instance:com.tutorials.qa.testcases.RegisterAccount@5acf93bb]" started-at="2023-05-24T16:32:59 IST" name="verifyRegistrationByWithoutProvidingAllDetails" finished-at="2023-05-24T16:32:59 IST" duration-ms="679" status="PASS">
          <reporter-output>
          </reporter-output>
        </test-method> <!-- verifyRegistrationByWithoutProvidingAllDetails -->
        <test-method is-config="true" signature="tearDown()[pri:0, instance:com.tutorials.qa.testcases.RegisterAccount@5acf93bb]" started-at="2023-05-24T16:32:59 IST" name="tearDown" finished-at="2023-05-24T16:33:00 IST" duration-ms="578" status="PASS">
          <reporter-output>
          </reporter-output>
        </test-method> <!-- tearDown -->
        <test-method is-config="true" signature="SetUp()[pri:0, instance:com.tutorials.qa.testcases.RegisterAccount@5acf93bb]" started-at="2023-05-24T16:33:00 IST" name="SetUp" finished-at="2023-05-24T16:33:02 IST" duration-ms="2394" status="PASS">
          <reporter-output>
          </reporter-output>
        </test-method> <!-- SetUp -->
        <test-method signature="verifyRegistrationByProvidingMandatoryFields()[pri:1, instance:com.tutorials.qa.testcases.RegisterAccount@5acf93bb]" started-at="2023-05-24T16:33:02 IST" name="verifyRegistrationByProvidingMandatoryFields" finished-at="2023-05-24T16:33:04 IST" duration-ms="1545" status="PASS">
          <reporter-output>
          </reporter-output>
        </test-method> <!-- verifyRegistrationByProvidingMandatoryFields -->
        <test-method is-config="true" signature="tearDown()[pri:0, instance:com.tutorials.qa.testcases.RegisterAccount@5acf93bb]" started-at="2023-05-24T16:33:04 IST" name="tearDown" finished-at="2023-05-24T16:33:04 IST" duration-ms="311" status="PASS">
          <reporter-output>
          </reporter-output>
        </test-method> <!-- tearDown -->
        <test-method is-config="true" signature="SetUp()[pri:0, instance:com.tutorials.qa.testcases.RegisterAccount@5acf93bb]" started-at="2023-05-24T16:33:04 IST" name="SetUp" finished-at="2023-05-24T16:33:07 IST" duration-ms="2474" status="PASS">
          <reporter-output>
          </reporter-output>
        </test-method> <!-- SetUp -->
        <test-method signature="verifyRegistrationByProvidingAllFields()[pri:2, instance:com.tutorials.qa.testcases.RegisterAccount@5acf93bb]" started-at="2023-05-24T16:33:07 IST" name="verifyRegistrationByProvidingAllFields" finished-at="2023-05-24T16:33:08 IST" duration-ms="1600" status="PASS">
          <reporter-output>
          </reporter-output>
        </test-method> <!-- verifyRegistrationByProvidingAllFields -->
        <test-method is-config="true" signature="tearDown()[pri:0, instance:com.tutorials.qa.testcases.RegisterAccount@5acf93bb]" started-at="2023-05-24T16:33:08 IST" name="tearDown" finished-at="2023-05-24T16:33:08 IST" duration-ms="309" status="PASS">
          <reporter-output>
          </reporter-output>
        </test-method> <!-- tearDown -->
        <test-method is-config="true" signature="SetUp()[pri:0, instance:com.tutorials.qa.testcases.RegisterAccount@5acf93bb]" started-at="2023-05-24T16:33:08 IST" name="SetUp" finished-at="2023-05-24T16:33:11 IST" duration-ms="2383" status="PASS">
          <reporter-output>
          </reporter-output>
        </test-method> <!-- SetUp -->
        <test-method signature="verifyRegistrationByProvidingExistingEmailAccount()[pri:3, instance:com.tutorials.qa.testcases.RegisterAccount@5acf93bb]" started-at="2023-05-24T16:33:11 IST" name="verifyRegistrationByProvidingExistingEmailAccount" finished-at="2023-05-24T16:33:12 IST" duration-ms="1424" status="PASS">
          <reporter-output>
          </reporter-output>
        </test-method> <!-- verifyRegistrationByProvidingExistingEmailAccount -->
        <test-method is-config="true" signature="tearDown()[pri:0, instance:com.tutorials.qa.testcases.RegisterAccount@5acf93bb]" started-at="2023-05-24T16:33:12 IST" name="tearDown" finished-at="2023-05-24T16:33:13 IST" duration-ms="246" status="PASS">
          <reporter-output>
          </reporter-output>
        </test-method> <!-- tearDown -->
      </class> <!-- com.tutorials.qa.testcases.RegisterAccount -->
      <class name="com.tutorials.qa.testcases.SearchProduct">
        <test-method is-config="true" signature="setUp()[pri:0, instance:com.tutorials.qa.testcases.SearchProduct@49049a04]" started-at="2023-05-24T16:33:34 IST" name="setUp" finished-at="2023-05-24T16:33:39 IST" duration-ms="5950" status="PASS">
          <reporter-output>
          </reporter-output>
        </test-method> <!-- setUp -->
        <test-method signature="verifySearchWithValidProduct()[pri:1, instance:com.tutorials.qa.testcases.SearchProduct@49049a04]" started-at="2023-05-24T16:33:39 IST" name="verifySearchWithValidProduct" finished-at="2023-05-24T16:33:40 IST" duration-ms="494" status="PASS">
          <reporter-output>
          </reporter-output>
        </test-method> <!-- verifySearchWithValidProduct -->
        <test-method is-config="true" signature="tearDown()[pri:0, instance:com.tutorials.qa.testcases.SearchProduct@49049a04]" started-at="2023-05-24T16:33:40 IST" name="tearDown" finished-at="2023-05-24T16:33:40 IST" duration-ms="321" status="PASS">
          <reporter-output>
          </reporter-output>
        </test-method> <!-- tearDown -->
        <test-method is-config="true" signature="setUp()[pri:0, instance:com.tutorials.qa.testcases.SearchProduct@49049a04]" started-at="2023-05-24T16:33:40 IST" name="setUp" finished-at="2023-05-24T16:33:43 IST" duration-ms="2428" status="PASS">
          <reporter-output>
          </reporter-output>
        </test-method> <!-- setUp -->
        <test-method signature="verifySearchWithInValidProduct()[pri:2, instance:com.tutorials.qa.testcases.SearchProduct@49049a04]" started-at="2023-05-24T16:33:43 IST" name="verifySearchWithInValidProduct" finished-at="2023-05-24T16:33:43 IST" duration-ms="474" status="PASS">
          <reporter-output>
          </reporter-output>
        </test-method> <!-- verifySearchWithInValidProduct -->
        <test-method is-config="true" signature="tearDown()[pri:0, instance:com.tutorials.qa.testcases.SearchProduct@49049a04]" started-at="2023-05-24T16:33:43 IST" name="tearDown" finished-at="2023-05-24T16:33:44 IST" duration-ms="328" status="PASS">
          <reporter-output>
          </reporter-output>
        </test-method> <!-- tearDown -->
        <test-method is-config="true" signature="setUp()[pri:0, instance:com.tutorials.qa.testcases.SearchProduct@49049a04]" started-at="2023-05-24T16:33:44 IST" name="setUp" finished-at="2023-05-24T16:33:46 IST" duration-ms="2591" status="PASS">
          <reporter-output>
          </reporter-output>
        </test-method> <!-- setUp -->
        <test-method signature="verifySearchWithoutEnteringAnyProduct()[pri:3, instance:com.tutorials.qa.testcases.SearchProduct@49049a04]" started-at="2023-05-24T16:33:46 IST" name="verifySearchWithoutEnteringAnyProduct" finished-at="2023-05-24T16:33:46 IST" duration-ms="364" status="PASS">
          <reporter-output>
          </reporter-output>
        </test-method> <!-- verifySearchWithoutEnteringAnyProduct -->
        <test-method is-config="true" signature="tearDown()[pri:0, instance:com.tutorials.qa.testcases.SearchProduct@49049a04]" started-at="2023-05-24T16:33:46 IST" name="tearDown" finished-at="2023-05-24T16:33:47 IST" duration-ms="323" status="PASS">
          <reporter-output>
          </reporter-output>
        </test-method> <!-- tearDown -->
      </class> <!-- com.tutorials.qa.testcases.SearchProduct -->
      <class name="com.tutorials.qa.testcases.Login">
        <test-method is-config="true" signature="SetUp()[pri:0, instance:com.tutorials.qa.testcases.Login@6253c26]" started-at="2023-05-24T16:33:13 IST" name="SetUp" finished-at="2023-05-24T16:33:15 IST" duration-ms="2383" status="PASS">
          <reporter-output>
          </reporter-output>
        </test-method> <!-- SetUp -->
        <test-method signature="verifyloginButtonWithValidCredentials(java.lang.String,java.lang.String)[pri:1, instance:com.tutorials.qa.testcases.Login@6253c26]" started-at="2023-05-24T16:33:15 IST" name="verifyloginButtonWithValidCredentials" data-provider="senddata" finished-at="2023-05-24T16:33:16 IST" duration-ms="735" status="PASS">
          <params>
            <param index="0">
              <value>
                <![CDATA[sreevasu709@gmail.com]]>
              </value>
            </param>
            <param index="1">
              <value>
                <![CDATA[Vasu1234@]]>
              </value>
            </param>
          </params>
          <reporter-output>
          </reporter-output>
        </test-method> <!-- verifyloginButtonWithValidCredentials -->
        <test-method is-config="true" signature="teardown()[pri:0, instance:com.tutorials.qa.testcases.Login@6253c26]" started-at="2023-05-24T16:33:16 IST" name="teardown" finished-at="2023-05-24T16:33:16 IST" duration-ms="322" status="PASS">
          <reporter-output>
          </reporter-output>
        </test-method> <!-- teardown -->
        <test-method is-config="true" signature="SetUp()[pri:0, instance:com.tutorials.qa.testcases.Login@6253c26]" started-at="2023-05-24T16:33:16 IST" name="SetUp" finished-at="2023-05-24T16:33:19 IST" duration-ms="3372" status="PASS">
          <reporter-output>
          </reporter-output>
        </test-method> <!-- SetUp -->
        <test-method signature="verifyloginButtonWithValidCredentials(java.lang.String,java.lang.String)[pri:1, instance:com.tutorials.qa.testcases.Login@6253c26]" started-at="2023-05-24T16:33:19 IST" name="verifyloginButtonWithValidCredentials" data-provider="senddata" finished-at="2023-05-24T16:33:20 IST" duration-ms="745" status="PASS">
          <params>
            <param index="0">
              <value>
                <![CDATA[sreevasu709@gmail.com]]>
              </value>
            </param>
            <param index="1">
              <value>
                <![CDATA[Vasu1234@]]>
              </value>
            </param>
          </params>
          <reporter-output>
          </reporter-output>
        </test-method> <!-- verifyloginButtonWithValidCredentials -->
        <test-method is-config="true" signature="teardown()[pri:0, instance:com.tutorials.qa.testcases.Login@6253c26]" started-at="2023-05-24T16:33:20 IST" name="teardown" finished-at="2023-05-24T16:33:20 IST" duration-ms="294" status="PASS">
          <reporter-output>
          </reporter-output>
        </test-method> <!-- teardown -->
        <test-method is-config="true" signature="SetUp()[pri:0, instance:com.tutorials.qa.testcases.Login@6253c26]" started-at="2023-05-24T16:33:20 IST" name="SetUp" finished-at="2023-05-24T16:33:23 IST" duration-ms="2162" status="PASS">
          <reporter-output>
          </reporter-output>
        </test-method> <!-- SetUp -->
        <test-method signature="verifyloginButtonWithValidCredentials(java.lang.String,java.lang.String)[pri:1, instance:com.tutorials.qa.testcases.Login@6253c26]" started-at="2023-05-24T16:33:23 IST" name="verifyloginButtonWithValidCredentials" data-provider="senddata" finished-at="2023-05-24T16:33:23 IST" duration-ms="790" status="PASS">
          <params>
            <param index="0">
              <value>
                <![CDATA[sreevasu709@gmail.com]]>
              </value>
            </param>
            <param index="1">
              <value>
                <![CDATA[Vasu1234@]]>
              </value>
            </param>
          </params>
          <reporter-output>
          </reporter-output>
        </test-method> <!-- verifyloginButtonWithValidCredentials -->
        <test-method is-config="true" signature="teardown()[pri:0, instance:com.tutorials.qa.testcases.Login@6253c26]" started-at="2023-05-24T16:33:23 IST" name="teardown" finished-at="2023-05-24T16:33:24 IST" duration-ms="298" status="PASS">
          <reporter-output>
          </reporter-output>
        </test-method> <!-- teardown -->
        <test-method is-config="true" signature="SetUp()[pri:0, instance:com.tutorials.qa.testcases.Login@6253c26]" started-at="2023-05-24T16:33:24 IST" name="SetUp" finished-at="2023-05-24T16:33:26 IST" duration-ms="2191" status="PASS">
          <reporter-output>
          </reporter-output>
        </test-method> <!-- SetUp -->
        <test-method signature="VerifyLoginButtonFunctionalityWithInvalidEmailAndPassword()[pri:2, instance:com.tutorials.qa.testcases.Login@6253c26]" started-at="2023-05-24T16:33:26 IST" name="VerifyLoginButtonFunctionalityWithInvalidEmailAndPassword" finished-at="2023-05-24T16:33:27 IST" duration-ms="781" status="PASS">
          <reporter-output>
          </reporter-output>
        </test-method> <!-- VerifyLoginButtonFunctionalityWithInvalidEmailAndPassword -->
        <test-method is-config="true" signature="teardown()[pri:0, instance:com.tutorials.qa.testcases.Login@6253c26]" started-at="2023-05-24T16:33:27 IST" name="teardown" finished-at="2023-05-24T16:33:27 IST" duration-ms="329" status="PASS">
          <reporter-output>
          </reporter-output>
        </test-method> <!-- teardown -->
        <test-method is-config="true" signature="SetUp()[pri:0, instance:com.tutorials.qa.testcases.Login@6253c26]" started-at="2023-05-24T16:33:27 IST" name="SetUp" finished-at="2023-05-24T16:33:29 IST" duration-ms="2369" status="PASS">
          <reporter-output>
          </reporter-output>
        </test-method> <!-- SetUp -->
        <test-method signature="verifyLoginButtonFunctionalityWithvalidEmailAndInvalidPassword()[pri:3, instance:com.tutorials.qa.testcases.Login@6253c26]" started-at="2023-05-24T16:33:29 IST" name="verifyLoginButtonFunctionalityWithvalidEmailAndInvalidPassword" finished-at="2023-05-24T16:33:30 IST" duration-ms="747" status="PASS">
          <reporter-output>
          </reporter-output>
        </test-method> <!-- verifyLoginButtonFunctionalityWithvalidEmailAndInvalidPassword -->
        <test-method is-config="true" signature="teardown()[pri:0, instance:com.tutorials.qa.testcases.Login@6253c26]" started-at="2023-05-24T16:33:30 IST" name="teardown" finished-at="2023-05-24T16:33:30 IST" duration-ms="287" status="PASS">
          <reporter-output>
          </reporter-output>
        </test-method> <!-- teardown -->
        <test-method is-config="true" signature="SetUp()[pri:0, instance:com.tutorials.qa.testcases.Login@6253c26]" started-at="2023-05-24T16:33:30 IST" name="SetUp" finished-at="2023-05-24T16:33:33 IST" duration-ms="2190" status="PASS">
          <reporter-output>
          </reporter-output>
        </test-method> <!-- SetUp -->
        <test-method signature="verifyloginButtonWithEmptyCredentials()[pri:4, instance:com.tutorials.qa.testcases.Login@6253c26]" started-at="2023-05-24T16:33:33 IST" name="verifyloginButtonWithEmptyCredentials" finished-at="2023-05-24T16:33:33 IST" duration-ms="672" status="PASS">
          <reporter-output>
          </reporter-output>
        </test-method> <!-- verifyloginButtonWithEmptyCredentials -->
        <test-method is-config="true" signature="teardown()[pri:0, instance:com.tutorials.qa.testcases.Login@6253c26]" started-at="2023-05-24T16:33:33 IST" name="teardown" finished-at="2023-05-24T16:33:34 IST" duration-ms="318" status="PASS">
          <reporter-output>
          </reporter-output>
        </test-method> <!-- teardown -->
      </class> <!-- com.tutorials.qa.testcases.Login -->
    </test> <!-- Automation testcases -->
  </suite> <!-- Tutorialsninja test automation -->
</testng-results>
