<?xml version="1.0" encoding="UTF-8"?>
<testng-results ignored="0" total="1" passed="1" failed="0" skipped="0">
  <reporter-output>
  </reporter-output>
  <suite started-at="2023-05-24T20:47:49 IST" name="Default suite" finished-at="2023-05-24T20:47:51 IST" duration-ms="1812">
    <groups>
    </groups>
    <test started-at="2023-05-24T20:47:49 IST" name="Default test" finished-at="2023-05-24T20:47:51 IST" duration-ms="1812">
      <class name="com.tutorials.qa.testcases.TestNGTodo">
        <test-method is-config="true" signature="setUp()[pri:0, instance:com.tutorials.qa.testcases.TestNGTodo@3e27aa33]" started-at="2023-05-24T20:47:49 IST" name="setUp" finished-at="2023-05-24T20:47:51 IST" duration-ms="1731" status="PASS">
          <reporter-output>
          </reporter-output>
        </test-method> <!-- setUp -->
        <test-method signature="testSimple()[pri:0, instance:com.tutorials.qa.testcases.TestNGTodo@3e27aa33]" started-at="2023-05-24T20:47:51 IST" name="testSimple" finished-at="2023-05-24T20:47:51 IST" duration-ms="9" status="PASS">
          <reporter-output>
          </reporter-output>
        </test-method> <!-- testSimple -->
        <test-method is-config="true" signature="tearDown()[pri:0, instance:com.tutorials.qa.testcases.TestNGTodo@3e27aa33]" started-at="2023-05-24T20:47:51 IST" name="tearDown" finished-at="2023-05-24T20:47:51 IST" duration-ms="12" status="PASS">
          <reporter-output>
          </reporter-output>
        </test-method> <!-- tearDown -->
      </class> <!-- com.tutorials.qa.testcases.TestNGTodo -->
    </test> <!-- Default test -->
  </suite> <!-- Default suite -->
</testng-results>
